<?xml version="1.0" encoding="UTF-8"?>
<!-- Generated by org.testng.reporters.JUnitXMLReporter -->
<testsuite ignored="1" hostname="EmSystem7" failures="0" tests="1" name="Default test" time="3.295" errors="0" timestamp="2021-01-19T16:07:33 EST">
  <testcase classname="com.e7.specFrame.API_FrameWork.testcases.TestCreateCustomerApi" name="fetchCustomers" time="2.868"/>
  <testcase classname="com.e7.specFrame.API_FrameWork.testcases.TestCreateCustomerApi" name="validateCreateCustomerAPI" time="0.0">
    <ignored/>
  </testcase> <!-- validateCreateCustomerAPI -->
</testsuite> <!-- Default test -->
