<?xml version="1.0" encoding="UTF-8"?>
<testng-results ignored="1" total="2" passed="1" failed="0" skipped="0">
  <reporter-output>
  </reporter-output>
  <suite started-at="2021-01-19T16:07:29 EST" name="Default suite" finished-at="2021-01-19T16:07:32 EST" duration-ms="3295">
    <groups>
    </groups>
    <test started-at="2021-01-19T16:07:29 EST" name="Default test" finished-at="2021-01-19T16:07:32 EST" duration-ms="3295">
      <class name="com.e7.specFrame.API_FrameWork.testcases.TestCreateCustomerApi">
        <test-method is-config="true" signature="beforeSuite()[pri:0, instance:com.e7.specFrame.API_FrameWork.testcases.TestCreateCustomerApi@7975d1d8]" started-at="2021-01-19T16:07:28 EST" name="beforeSuite" finished-at="2021-01-19T16:07:29 EST" duration-ms="814" status="PASS">
          <reporter-output>
          </reporter-output>
        </test-method> <!-- beforeSuite -->
        <test-method is-config="true" signature="beforeClass()[pri:0, instance:com.e7.specFrame.API_FrameWork.testcases.TestCreateCustomerApi@7975d1d8]" started-at="2021-01-19T16:07:29 EST" name="beforeClass" finished-at="2021-01-19T16:07:29 EST" duration-ms="11" status="PASS">
          <reporter-output>
          </reporter-output>
        </test-method> <!-- beforeClass -->
        <test-method is-config="true" signature="beforeMethod(java.lang.reflect.Method)[pri:0, instance:com.e7.specFrame.API_FrameWork.testcases.TestCreateCustomerApi@7975d1d8]" started-at="2021-01-19T16:07:29 EST" name="beforeMethod" finished-at="2021-01-19T16:07:29 EST" duration-ms="8" status="PASS">
          <params>
            <param index="0">
              <value>
                <![CDATA[public void com.e7.specFrame.API_FrameWork.testcases.TestCreateCustomerApi.fetchCustomers(java.util.Hashtable)]]>
              </value>
            </param>
          </params>
          <reporter-output>
          </reporter-output>
        </test-method> <!-- beforeMethod -->
        <test-method signature="fetchCustomers(java.util.Hashtable)[pri:0, instance:com.e7.specFrame.API_FrameWork.testcases.TestCreateCustomerApi@7975d1d8]" started-at="2021-01-19T16:07:29 EST" name="fetchCustomers" data-provider="dp" finished-at="2021-01-19T16:07:32 EST" duration-ms="2868" status="PASS">
          <params>
            <param index="0">
              <value>
                <![CDATA[{limit=5, methodType=get, endPoint=customers}]]>
              </value>
            </param>
          </params>
          <reporter-output>
          </reporter-output>
        </test-method> <!-- fetchCustomers -->
        <test-method is-config="true" signature="afterMethod(org.testng.ITestResult)[pri:0, instance:com.e7.specFrame.API_FrameWork.testcases.TestCreateCustomerApi@7975d1d8]" started-at="2021-01-19T16:07:32 EST" name="afterMethod" finished-at="2021-01-19T16:07:32 EST" duration-ms="344" status="PASS">
          <params>
            <param index="0">
              <value>
                <![CDATA[[TestResult name=fetchCustomers status=SUCCESS method=TestCreateCustomerApi.fetchCustomers(java.util.Hashtable)[pri:0, instance:com.e7.specFrame.API_FrameWork.testcases.TestCreateCustomerApi@7975d1d8] output={null}]]]>
              </value>
            </param>
          </params>
          <reporter-output>
          </reporter-output>
        </test-method> <!-- afterMethod -->
        <test-method is-config="true" signature="afterSuite()[pri:0, instance:com.e7.specFrame.API_FrameWork.testcases.TestCreateCustomerApi@7975d1d8]" started-at="2021-01-19T16:07:33 EST" name="afterSuite" finished-at="2021-01-19T16:07:33 EST" duration-ms="3" status="PASS">
          <reporter-output>
          </reporter-output>
        </test-method> <!-- afterSuite -->
      </class> <!-- com.e7.specFrame.API_FrameWork.testcases.TestCreateCustomerApi -->
    </test> <!-- Default test -->
  </suite> <!-- Default suite -->
</testng-results>
